<?xml version="1.0" encoding="UTF-8"?>
<testsuite xmlns:xsi="http://www.w3.org/2001/XMLSchema-instance" xsi:noNamespaceSchemaLocation="https://maven.apache.org/surefire/maven-surefire-plugin/xsd/surefire-test-report.xsd" name="my.home.com.AppTest" time="0.085" tests="3" errors="1" skipped="0" failures="0">
  <properties>
[...]
</properties>
  <testcase name="shouldAnswerWithTrue" classname="my.home.com.AppTest" time="0.003"/>
  <testcase name="testUser" classname="my.home.com.AppTest" time="0.025">
    <error message="Unable to make field private static final sun.util.calendar.BaseCalendar java.util.Date.gcal accessible: module java.base does not &quot;opens java.util&quot; to unnamed module @150c158" type="java.lang.reflect.InaccessibleObjectException">java.lang.reflect.InaccessibleObjectException: Unable to make field private static final sun.util.calendar.BaseCalendar java.util.Date.gcal accessible: module java.base does not "opens java.util" to unnamed module @150c158
	at my.home.com.AppTest.testUser(AppTest.java:56)
</error>
  </testcase>
  <testcase name="testAddressDeserializer" classname="my.home.com.AppTest" time="0.008"/>
</testsuite>